{"numTotalTestSuites":10,"numPassedTestSuites":10,"numFailedTestSuites":0,"numPendingTestSuites":0,"numTotalTests":23,"numPassedTests":23,"numFailedTests":0,"numPendingTests":0,"numTodoTests":0,"snapshot":{"added":0,"failure":false,"filesAdded":0,"filesRemoved":0,"filesRemovedList":[],"filesUnmatched":0,"filesUpdated":0,"matched":0,"total":0,"unchecked":0,"uncheckedKeysByFile":[],"unmatched":0,"updated":0,"didUpdate":false},"startTime":1781949922864,"success":true,"testResults":[{"assertionResults":[{"ancestorTitles":["Step3PlannerResult"],"fullName":"Step3PlannerResult компонент імпортується без помилок","status":"passed","title":"компонент імпортується без помилок","duration":50.6721,"failureMessages":[],"meta":{},"tags":[]}],"startTime":1781949924099,"endTime":1781949924149.672,"status":"passed","message":"","name":"C:/Users/mmykh/OneDrive/старий компютер/Рабочий стол/GardenOS_QWEN/frontend/src/features/planner/steps/__tests__/Step3PlannerResult.test.tsx"},{"assertionResults":[{"ancestorTitles":["calculations.ts — Розрахунок кількості"],"fullName":"calculations.ts — Розрахунок кількості повертає число більше 0 для сім'ї з 4 людей","status":"passed","title":"повертає число більше 0 для сім'ї з 4 людей","duration":1.126399999999876,"failureMessages":[],"meta":{},"tags":[]},{"ancestorTitles":["calculations.ts — Розрахунок кількості"],"fullName":"calculations.ts — Розрахунок кількості більша сім'я = більше рослин","status":"passed","title":"більша сім'я = більше рослин","duration":0.23520000000007713,"failureMessages":[],"meta":{},"tags":[]},{"ancestorTitles":["calculations.ts — Розрахунок кількості"],"fullName":"calculations.ts — Розрахунок кількості картоплі потрібно більше ніж томатів","status":"passed","title":"картоплі потрібно більше ніж томатів","duration":0.1854000000000724,"failureMessages":[],"meta":{},"tags":[]},{"ancestorTitles":["calculations.ts — Розрахунок кількості"],"fullName":"calculations.ts — Розрахунок кількості зелені потрібно менше ніж овочів","status":"passed","title":"зелені потрібно менше ніж овочів","duration":0.16249999999990905,"failureMessages":[],"meta":{},"tags":[]}],"startTime":1781949924084,"endTime":1781949924086.1853,"status":"passed","message":"","name":"C:/Users/mmykh/OneDrive/старий компютер/Рабочий стол/GardenOS_QWEN/frontend/src/features/planner/utils/__tests__/calculations.test.ts"},{"assertionResults":[{"ancestorTitles":["compatibility.ts — Сумісність рослин"],"fullName":"compatibility.ts — Сумісність рослин томат + базилік = good","status":"passed","title":"томат + базилік = good","duration":1.2667999999998756,"failureMessages":[],"meta":{},"tags":[]},{"ancestorTitles":["compatibility.ts — Сумісність рослин"],"fullName":"compatibility.ts — Сумісність рослин томат + картопля = bad (одна родина)","status":"passed","title":"томат + картопля = bad (одна родина)","duration":0.26089999999999236,"failureMessages":[],"meta":{},"tags":[]},{"ancestorTitles":["compatibility.ts — Сумісність рослин"],"fullName":"compatibility.ts — Сумісність рослин томат + огірок = neutral","status":"passed","title":"томат + огірок = neutral","duration":0.20129999999994652,"failureMessages":[],"meta":{},"tags":[]},{"ancestorTitles":["compatibility.ts — Сумісність рослин"],"fullName":"compatibility.ts — Сумісність рослин симетричність: A-B == B-A","status":"passed","title":"симетричність: A-B == B-A","duration":0.2016000000000986,"failureMessages":[],"meta":{},"tags":[]},{"ancestorTitles":["compatibility.ts — Сумісність рослин"],"fullName":"compatibility.ts — Сумісність рослин checkGroupCompatibility знаходить проблеми","status":"passed","title":"checkGroupCompatibility знаходить проблеми","duration":0.34149999999999636,"failureMessages":[],"meta":{},"tags":[]},{"ancestorTitles":["compatibility.ts — Сумісність рослин"],"fullName":"compatibility.ts — Сумісність рослин checkGroupCompatibility для друзів дає високий score","status":"passed","title":"checkGroupCompatibility для друзів дає високий score","duration":0.16350000000011278,"failureMessages":[],"meta":{},"tags":[]}],"startTime":1781949924078,"endTime":1781949924080.3416,"status":"passed","message":"","name":"C:/Users/mmykh/OneDrive/старий компютер/Рабочий стол/GardenOS_QWEN/frontend/src/features/planner/utils/__tests__/compatibility.test.ts"},{"assertionResults":[{"ancestorTitles":["cropRotation.ts — Сівозміна"],"fullName":"cropRotation.ts — Сівозміна нова зона — завжди дозволено","status":"passed","title":"нова зона — завжди дозволено","duration":1.2342999999998483,"failureMessages":[],"meta":{},"tags":[]},{"ancestorTitles":["cropRotation.ts — Сівозміна"],"fullName":"cropRotation.ts — Сівозміна та ж родина торік — заблоковано","status":"passed","title":"та ж родина торік — заблоковано","duration":0.3243999999999687,"failureMessages":[],"meta":{},"tags":[]},{"ancestorTitles":["cropRotation.ts — Сівозміна"],"fullName":"cropRotation.ts — Сівозміна та ж родина 5 років тому — дозволено","status":"passed","title":"та ж родина 5 років тому — дозволено","duration":0.21499999999991815,"failureMessages":[],"meta":{},"tags":[]},{"ancestorTitles":["cropRotation.ts — Сівозміна"],"fullName":"cropRotation.ts — Сівозміна бобові як попередник — бонус","status":"passed","title":"бобові як попередник — бонус","duration":0.2959000000000742,"failureMessages":[],"meta":{},"tags":[]},{"ancestorTitles":["cropRotation.ts — Сівозміна"],"fullName":"cropRotation.ts — Сівозміна findProblematicZonesForFamily знаходить проблеми","status":"passed","title":"findProblematicZonesForFamily знаходить проблеми","duration":0.2860000000000582,"failureMessages":[],"meta":{},"tags":[]}],"startTime":1781949924084,"endTime":1781949924086.296,"status":"passed","message":"","name":"C:/Users/mmykh/OneDrive/старий компютер/Рабочий стол/GardenOS_QWEN/frontend/src/features/planner/utils/__tests__/cropRotation.test.ts"},{"assertionResults":[{"ancestorTitles":["layout.ts — Алгоритм розміщення"],"fullName":"layout.ts — Алгоритм розміщення повинен розмістити рослини на ділянці","status":"passed","title":"повинен розмістити рослини на ділянці","duration":2.5927999999998974,"failureMessages":[],"meta":{},"tags":[]},{"ancestorTitles":["layout.ts — Алгоритм розміщення"],"fullName":"layout.ts — Алгоритм розміщення повинен повернути координати в межах ділянки","status":"passed","title":"повинен повернути координати в межах ділянки","duration":0.39299999999980173,"failureMessages":[],"meta":{},"tags":[]},{"ancestorTitles":["layout.ts — Алгоритм розміщення"],"fullName":"layout.ts — Алгоритм розміщення повинен розмістити вологолюбні біля води","status":"passed","title":"повинен розмістити вологолюбні біля води","duration":0.2957000000001244,"failureMessages":[],"meta":{},"tags":[]},{"ancestorTitles":["layout.ts — Алгоритм розміщення"],"fullName":"layout.ts — Алгоритм розміщення повинен уникати перекриття грядок","status":"passed","title":"повинен уникати перекриття грядок","duration":0.5326999999999771,"failureMessages":[],"meta":{},"tags":[]},{"ancestorTitles":["layout.ts — Алгоритм розміщення"],"fullName":"layout.ts — Алгоритм розміщення повинен рахувати usage_percent правильно","status":"passed","title":"повинен рахувати usage_percent правильно","duration":0.21879999999987376,"failureMessages":[],"meta":{},"tags":[]},{"ancestorTitles":["layout.ts — Алгоритм розміщення"],"fullName":"layout.ts — Алгоритм розміщення повинен генерувати warning коли не вистачає місця","status":"passed","title":"повинен генерувати warning коли не вистачає місця","duration":0.14480000000003201,"failureMessages":[],"meta":{},"tags":[]},{"ancestorTitles":["layout.ts — Алгоритм розміщення"],"fullName":"layout.ts — Алгоритм розміщення повинен враховувати сумісність (друзів поруч)","status":"passed","title":"повинен враховувати сумісність (друзів поруч)","duration":0.4131999999999607,"failureMessages":[],"meta":{},"tags":[]}],"startTime":1781949924086,"endTime":1781949924090.413,"status":"passed","message":"","name":"C:/Users/mmykh/OneDrive/старий компютер/Рабочий стол/GardenOS_QWEN/frontend/src/features/planner/utils/__tests__/layout.test.ts"}]}